<?xml version="1.0" encoding="UTF-8"?>
<!-- Generated by org.testng.reporters.JUnitReportReporter -->
<testsuite hostname="DESKTOP-63D9V6P" failures="0" tests="2" name="testRunner.TestRunner" time="359.431" errors="0" timestamp="2022-09-06T13:44:00 IST" skipped="0">
  <testcase classname="testRunner.TestRunner" name="runScenario" time="328.615"/>
  <system-out/>
  <testcase classname="testRunner.TestRunner" name="runScenario" time="30.816"/>
  <system-out/>
</testsuite> <!-- testRunner.TestRunner -->
